# Created at 2025-11-15T03:39:16.584
org.junit.platform.launcher.core.DiscoveryIssueException: TestEngine with ID 'junit-jupiter' encountered a critical issue during test discovery:

(1) [ERROR] MethodSelector [className = 'com.telcobright.scheduler.OneHourMockLoadTest', methodName = 'testOneHourMockLoad', parameterTypes = '', classLoader = jdk.internal.loader.ClassLoaders$AppClassLoader@639fee48] resolution failed
    Source: MethodSource [className = 'com.telcobright.scheduler.OneHourMockLoadTest', methodName = 'testOneHourMockLoad', methodParameterTypes = '']
            at com.telcobright.scheduler.OneHourMockLoadTest.testOneHourMockLoad(SourceFile:0)
    Cause: java.lang.UnsupportedOperationException: Implement generateDisplayNameForMethod(List<Class<?>>, Class<?>, Method) instead
	at org.junit.jupiter.api.DisplayNameGenerator.generateDisplayNameForMethod(DisplayNameGenerator.java:154)
	at org.junit.jupiter.engine.descriptor.DisplayNameUtils.lambda$createDisplayNameSupplierForMethod$3(DisplayNameUtils.java:112)
	at org.junit.jupiter.engine.descriptor.DisplayNameUtils.lambda$createDisplayNameSupplier$4(DisplayNameUtils.java:119)
	at java.base/java.util.Optional.orElseGet(Optional.java:364)
	at org.junit.jupiter.engine.descriptor.DisplayNameUtils.lambda$createDisplayNameSupplier$5(DisplayNameUtils.java:119)
	at org.junit.jupiter.engine.descriptor.DisplayNameUtils.determineDisplayName(DisplayNameUtils.java:89)
	at org.junit.jupiter.engine.descriptor.DisplayNameUtils.determineDisplayNameForMethod(DisplayNameUtils.java:94)
	at org.junit.jupiter.engine.descriptor.MethodBasedTestDescriptor.<init>(MethodBasedTestDescriptor.java:61)
	at org.junit.jupiter.engine.descriptor.TestMethodTestDescriptor.<init>(TestMethodTestDescriptor.java:80)
	at org.junit.jupiter.engine.discovery.MethodSelectorResolver$MethodType$1.createTestDescriptor(MethodSelectorResolver.java:170)
	at org.junit.jupiter.engine.discovery.MethodSelectorResolver$MethodType.lambda$resolve$1(MethodSelectorResolver.java:210)
	at org.junit.platform.engine.support.discovery.EngineDiscoveryRequestResolution$DefaultContext.createAndAdd(EngineDiscoveryRequestResolution.java:250)
	at org.junit.platform.engine.support.discovery.EngineDiscoveryRequestResolution$DefaultContext.addToParent(EngineDiscoveryRequestResolution.java:220)
	at org.junit.jupiter.engine.discovery.MethodSelectorResolver$MethodType.resolve(MethodSelectorResolver.java:208)
	at org.junit.jupiter.engine.discovery.MethodSelectorResolver$MethodType.access$300(MethodSelectorResolver.java:164)
	at org.junit.jupiter.engine.discovery.MethodSelectorResolver.lambda$resolve$0(MethodSelectorResolver.java:93)
	at java.base/java.util.stream.ReferencePipeline$3$1.accept(ReferencePipeline.java:197)
	at java.base/java.util.Spliterators$ArraySpliterator.forEachRemaining(Spliterators.java:1024)
	at java.base/java.util.stream.AbstractPipeline.copyInto(AbstractPipeline.java:509)
	at java.base/java.util.stream.AbstractPipeline.wrapAndCopyInto(AbstractPipeline.java:499)
	at java.base/java.util.stream.ReduceOps$ReduceOp.evaluateSequential(ReduceOps.java:921)
	at java.base/java.util.stream.AbstractPipeline.evaluate(AbstractPipeline.java:234)
	at java.base/java.util.stream.ReferencePipeline.collect(ReferencePipeline.java:682)
	at org.junit.jupiter.engine.discovery.MethodSelectorResolver.resolve(MethodSelectorResolver.java:97)
	at org.junit.jupiter.engine.discovery.MethodSelectorResolver.resolve(MethodSelectorResolver.java:75)
	at org.junit.platform.engine.support.discovery.EngineDiscoveryRequestResolution.lambda$resolve$2(EngineDiscoveryRequestResolution.java:150)
	at java.base/java.util.stream.ReferencePipeline$3$1.accept(ReferencePipeline.java:197)
	at java.base/java.util.ArrayList$ArrayListSpliterator.tryAdvance(ArrayList.java:1685)
	at java.base/java.util.stream.ReferencePipeline.forEachWithCancel(ReferencePipeline.java:129)
	at java.base/java.util.stream.AbstractPipeline.copyIntoWithCancel(AbstractPipeline.java:527)
	at java.base/java.util.stream.AbstractPipeline.copyInto(AbstractPipeline.java:513)
	at java.base/java.util.stream.AbstractPipeline.wrapAndCopyInto(AbstractPipeline.java:499)
	at java.base/java.util.stream.FindOps$FindOp.evaluateSequential(FindOps.java:150)
	at java.base/java.util.stream.AbstractPipeline.evaluate(AbstractPipeline.java:234)
	at java.base/java.util.stream.ReferencePipeline.findFirst(ReferencePipeline.java:647)
	at org.junit.platform.engine.support.discovery.EngineDiscoveryRequestResolution.resolve(EngineDiscoveryRequestResolution.java:189)
	at org.junit.platform.engine.support.discovery.EngineDiscoveryRequestResolution.resolve(EngineDiscoveryRequestResolution.java:126)
	at org.junit.platform.engine.support.discovery.EngineDiscoveryRequestResolution.resolveCompletely(EngineDiscoveryRequestResolution.java:92)
	at org.junit.platform.engine.support.discovery.EngineDiscoveryRequestResolution.run(EngineDiscoveryRequestResolution.java:83)
	at org.junit.platform.engine.support.discovery.EngineDiscoveryRequestResolver.resolve(EngineDiscoveryRequestResolver.java:148)
	at org.junit.platform.engine.support.discovery.EngineDiscoveryRequestResolver.resolve(EngineDiscoveryRequestResolver.java:117)
	at org.junit.jupiter.engine.discovery.DiscoverySelectorResolver.resolveSelectors(DiscoverySelectorResolver.java:48)
	at org.junit.jupiter.engine.JupiterTestEngine.discover(JupiterTestEngine.java:69)
	at org.junit.platform.launcher.core.EngineDiscoveryOrchestrator.discoverEngineRoot(EngineDiscoveryOrchestrator.java:195)
	at org.junit.platform.launcher.core.EngineDiscoveryOrchestrator.discoverSafely(EngineDiscoveryOrchestrator.java:174)
	at org.junit.platform.launcher.core.EngineDiscoveryOrchestrator.discover(EngineDiscoveryOrchestrator.java:119)
	at org.junit.platform.launcher.core.EngineDiscoveryOrchestrator.discover(EngineDiscoveryOrchestrator.java:84)
	at org.junit.platform.launcher.core.DefaultLauncher.discover(DefaultLauncher.java:104)
	at org.junit.platform.launcher.core.DefaultLauncher.discover(DefaultLauncher.java:83)
	at org.junit.platform.launcher.core.DelegatingLauncher.discover(DelegatingLauncher.java:42)
	at org.junit.platform.launcher.core.InterceptingLauncher.lambda$discover$0(InterceptingLauncher.java:33)
	at org.junit.platform.launcher.core.ClasspathAlignmentCheckingLauncherInterceptor.intercept(ClasspathAlignmentCheckingLauncherInterceptor.java:25)
	at org.junit.platform.launcher.core.InterceptingLauncher.discover(InterceptingLauncher.java:33)
	at org.junit.platform.launcher.core.DelegatingLauncher.discover(DelegatingLauncher.java:42)
	at org.apache.maven.surefire.junitplatform.LazyLauncher.discover(LazyLauncher.java:50)
	at org.apache.maven.surefire.junitplatform.TestPlanScannerFilter.accept(TestPlanScannerFilter.java:52)
	at org.apache.maven.surefire.api.util.DefaultScanResult.applyFilter(DefaultScanResult.java:87)
	at org.apache.maven.surefire.junitplatform.JUnitPlatformProvider.scanClasspath(JUnitPlatformProvider.java:144)
	at org.apache.maven.surefire.junitplatform.JUnitPlatformProvider.invoke(JUnitPlatformProvider.java:124)
	at org.apache.maven.surefire.booter.ForkedBooter.runSuitesInProcess(ForkedBooter.java:385)
	at org.apache.maven.surefire.booter.ForkedBooter.execute(ForkedBooter.java:162)
	at org.apache.maven.surefire.booter.ForkedBooter.run(ForkedBooter.java:507)
	at org.apache.maven.surefire.booter.ForkedBooter.main(ForkedBooter.java:495)



