<?xml version="1.0" encoding="UTF-8"?>
<testsuite xmlns:xsi="http://www.w3.org/2001/XMLSchema-instance" xsi:noNamespaceSchemaLocation="https://maven.apache.org/surefire/maven-surefire-plugin/xsd/surefire-test-report-3.0.xsd" version="3.0" name="com.telcobright.scheduler.TableCreationTest" time="2.94" tests="1" errors="0" skipped="0" failures="0">
  <properties>
[...]
</properties>
  <testcase name="testTableCreationWithScheduledTimePartitioning" classname="com.telcobright.scheduler.TableCreationTest" time="2.916">
    <system-out><![CDATA[03:11:52,033 |-INFO in ch.qos.logback.classic.LoggerContext[default] - This is logback-classic version 1.4.11
03:11:52,035 |-INFO in ch.qos.logback.classic.util.ContextInitializer@4ef782af - No custom configurators were discovered as a service.
03:11:52,035 |-INFO in ch.qos.logback.classic.util.ContextInitializer@4ef782af - Trying to configure with ch.qos.logback.classic.joran.SerializedModelConfigurator
03:11:52,035 |-INFO in ch.qos.logback.classic.util.ContextInitializer@4ef782af - Constructed configurator of type class ch.qos.logback.classic.joran.SerializedModelConfigurator
03:11:52,051 |-INFO in ch.qos.logback.classic.LoggerContext[default] - Could NOT find resource [logback-test.scmo]
03:11:52,052 |-INFO in ch.qos.logback.classic.LoggerContext[default] - Could NOT find resource [logback.scmo]
03:11:52,056 |-INFO in ch.qos.logback.classic.util.ContextInitializer@4ef782af - ch.qos.logback.classic.joran.SerializedModelConfigurator.configure() call lasted 17 milliseconds. ExecutionStatus=INVOKE_NEXT_IF_ANY
03:11:52,056 |-INFO in ch.qos.logback.classic.util.ContextInitializer@4ef782af - Trying to configure with ch.qos.logback.classic.util.DefaultJoranConfigurator
03:11:52,057 |-INFO in ch.qos.logback.classic.util.ContextInitializer@4ef782af - Constructed configurator of type class ch.qos.logback.classic.util.DefaultJoranConfigurator
03:11:52,057 |-INFO in ch.qos.logback.classic.LoggerContext[default] - Could NOT find resource [logback-test.xml]
03:11:52,059 |-INFO in ch.qos.logback.classic.LoggerContext[default] - Found resource [logback.xml] at [file:/home/mustafa/telcobright-projects/infinite-scheduler/target/classes/logback.xml]
03:11:52,123 |-INFO in ch.qos.logback.core.model.processor.AppenderModelHandler - Processing appender named [CONSOLE]
03:11:52,123 |-INFO in ch.qos.logback.core.model.processor.AppenderModelHandler - About to instantiate appender of type [ch.qos.logback.core.ConsoleAppender]
03:11:52,126 |-INFO in ch.qos.logback.core.model.processor.ImplicitModelHandler - Assuming default type [ch.qos.logback.classic.encoder.PatternLayoutEncoder] for [encoder] property
03:11:52,151 |-INFO in ch.qos.logback.core.model.processor.AppenderModelHandler - Processing appender named [FILE]
03:11:52,151 |-INFO in ch.qos.logback.core.model.processor.AppenderModelHandler - About to instantiate appender of type [ch.qos.logback.core.rolling.RollingFileAppender]
03:11:52,166 |-INFO in c.q.l.core.rolling.TimeBasedRollingPolicy@299413131 - setting totalSizeCap to 3 GB
03:11:52,167 |-INFO in c.q.l.core.rolling.TimeBasedRollingPolicy@299413131 - No compression will be used
03:11:52,168 |-INFO in c.q.l.core.rolling.TimeBasedRollingPolicy@299413131 - Will use the pattern logs/infinite-scheduler.%d{yyyy-MM-dd}.%i.log for the active file
03:11:52,188 |-INFO in ch.qos.logback.core.rolling.SizeAndTimeBasedFNATP@479cbee5 - The date pattern is 'yyyy-MM-dd' from file name pattern 'logs/infinite-scheduler.%d{yyyy-MM-dd}.%i.log'.
03:11:52,188 |-INFO in ch.qos.logback.core.rolling.SizeAndTimeBasedFNATP@479cbee5 - Roll-over at midnight.
03:11:52,190 |-INFO in ch.qos.logback.core.rolling.SizeAndTimeBasedFNATP@479cbee5 - Setting initial period to 2025-08-06T21:09:40.499Z
03:11:52,190 |-WARN in ch.qos.logback.core.rolling.SizeAndTimeBasedFNATP@479cbee5 - SizeAndTimeBasedFNATP is deprecated. Use SizeAndTimeBasedRollingPolicy instead
03:11:52,190 |-WARN in ch.qos.logback.core.rolling.SizeAndTimeBasedFNATP@479cbee5 - For more information see http://logback.qos.ch/manual/appenders.html#SizeAndTimeBasedRollingPolicy
03:11:52,191 |-INFO in ch.qos.logback.core.model.processor.ImplicitModelHandler - Assuming default type [ch.qos.logback.classic.encoder.PatternLayoutEncoder] for [encoder] property
03:11:52,194 |-INFO in ch.qos.logback.core.rolling.RollingFileAppender[FILE] - Active log file name: logs/infinite-scheduler.log
03:11:52,194 |-INFO in ch.qos.logback.core.rolling.RollingFileAppender[FILE] - File property is set to [logs/infinite-scheduler.log]
03:11:52,195 |-INFO in ch.qos.logback.classic.model.processor.LoggerModelHandler - Setting level of logger [com.telcobright.scheduler] to INFO
03:11:52,197 |-INFO in ch.qos.logback.classic.model.processor.LoggerModelHandler - Setting additivity of logger [com.telcobright.scheduler] to false
03:11:52,197 |-INFO in ch.qos.logback.core.model.processor.AppenderRefModelHandler - Attaching appender named [CONSOLE] to Logger[com.telcobright.scheduler]
03:11:52,197 |-INFO in ch.qos.logback.core.model.processor.AppenderRefModelHandler - Attaching appender named [FILE] to Logger[com.telcobright.scheduler]
03:11:52,198 |-INFO in ch.qos.logback.classic.model.processor.LoggerModelHandler - Setting level of logger [org.quartz] to WARN
03:11:52,198 |-INFO in ch.qos.logback.classic.model.processor.LoggerModelHandler - Setting additivity of logger [org.quartz] to false
03:11:52,198 |-INFO in ch.qos.logback.core.model.processor.AppenderRefModelHandler - Attaching appender named [CONSOLE] to Logger[org.quartz]
03:11:52,198 |-INFO in ch.qos.logback.core.model.processor.AppenderRefModelHandler - Attaching appender named [FILE] to Logger[org.quartz]
03:11:52,198 |-INFO in ch.qos.logback.classic.model.processor.LoggerModelHandler - Setting level of logger [com.zaxxer.hikari] to WARN
03:11:52,198 |-INFO in ch.qos.logback.classic.model.processor.LoggerModelHandler - Setting additivity of logger [com.zaxxer.hikari] to false
03:11:52,198 |-INFO in ch.qos.logback.core.model.processor.AppenderRefModelHandler - Attaching appender named [CONSOLE] to Logger[com.zaxxer.hikari]
03:11:52,198 |-INFO in ch.qos.logback.core.model.processor.AppenderRefModelHandler - Attaching appender named [FILE] to Logger[com.zaxxer.hikari]
03:11:52,198 |-INFO in ch.qos.logback.classic.model.processor.LoggerModelHandler - Setting level of logger [com.mysql.cj] to WARN
03:11:52,198 |-INFO in ch.qos.logback.classic.model.processor.LoggerModelHandler - Setting additivity of logger [com.mysql.cj] to false
03:11:52,198 |-INFO in ch.qos.logback.core.model.processor.AppenderRefModelHandler - Attaching appender named [CONSOLE] to Logger[com.mysql.cj]
03:11:52,198 |-INFO in ch.qos.logback.core.model.processor.AppenderRefModelHandler - Attaching appender named [FILE] to Logger[com.mysql.cj]
03:11:52,198 |-INFO in ch.qos.logback.classic.model.processor.RootLoggerModelHandler - Setting level of ROOT logger to INFO
03:11:52,198 |-INFO in ch.qos.logback.core.model.processor.AppenderRefModelHandler - Attaching appender named [CONSOLE] to Logger[ROOT]
03:11:52,198 |-INFO in ch.qos.logback.core.model.processor.AppenderRefModelHandler - Attaching appender named [FILE] to Logger[ROOT]
03:11:52,198 |-INFO in ch.qos.logback.core.model.processor.DefaultProcessor@59e2d8e3 - End of configuration.
03:11:52,198 |-INFO in ch.qos.logback.classic.joran.JoranConfigurator@2b72cb8a - Registering current configuration as safe fallback point
03:11:52,198 |-INFO in ch.qos.logback.classic.util.ContextInitializer@4ef782af - ch.qos.logback.classic.util.DefaultJoranConfigurator.configure() call lasted 141 milliseconds. ExecutionStatus=DO_NOT_INVOKE_NEXT_IF_ANY

2025-08-07 03:11:52.204 [main] INFO  c.t.scheduler.InfiniteScheduler - Creating internal repository with database: scheduler, tablePrefix: sms_test
2025-08-07 03:11:52.205 [main] INFO  c.t.scheduler.InfiniteScheduler - Repository configured with MySQL: 127.0.0.1:3306/scheduler (user: root)
2025-08-07 03:11:54.574 [main] INFO  c.t.scheduler.InfiniteScheduler - Initializing Quartz tables...
2025-08-07 03:11:54.586 [main] INFO  c.t.scheduler.QuartzTableManager - Checking Quartz tables...
2025-08-07 03:11:54.602 [main] INFO  c.t.scheduler.QuartzTableManager - All Quartz tables exist
2025-08-07 03:11:54.602 [main] INFO  c.t.scheduler.InfiniteScheduler - Quartz tables initialization completed
2025-08-07 03:11:54.641 [MLog-Init-Reporter] INFO  com.mchange.v2.log.MLog - MLog clients using slf4j logging.
2025-08-07 03:11:54.743 [main] INFO  com.mchange.v2.c3p0.C3P0Registry - Initializing c3p0-0.9.5.4 [built 23-March-2019 23:00:48 -0700; debug? true; trace: 10]
2025-08-07 03:11:54.794 [main] INFO  c.t.scheduler.JobHistoryTracker - Job history table ensured to exist
2025-08-07 03:11:54.795 [main] INFO  c.t.scheduler.InfiniteScheduler - Job listener added for monitoring
2025-08-07 03:11:54.795 [main] INFO  c.t.scheduler.InfiniteScheduler - InfiniteScheduler initialized with fetch interval: 25s, lookahead: 30s, cleanup: 60min

=== TESTING TABLE CREATION WITH SCHEDULED_TIME PARTITIONING ===
Current time: 2025-08-07T03:11:54.795967667
Inserting SMS entity with scheduled_time: 2025-08-07T03:12:54.795967667
✅ Successfully inserted entity - table should be created
Attempting to query entities back...
]]></system-out>
    <system-err><![CDATA[Aug 07, 2025 3:11:52 AM com.telcobright.db.repository.GenericMultiTableRepository createTableIfNotExists
INFO: Ensured table exists: scheduler.sms_test_20250708
Aug 07, 2025 3:11:52 AM com.telcobright.db.repository.GenericMultiTableRepository createTableIfNotExists
INFO: Ensured table exists: scheduler.sms_test_20250709
Aug 07, 2025 3:11:52 AM com.telcobright.db.repository.GenericMultiTableRepository createTableIfNotExists
INFO: Ensured table exists: scheduler.sms_test_20250710
Aug 07, 2025 3:11:52 AM com.telcobright.db.repository.GenericMultiTableRepository createTableIfNotExists
INFO: Ensured table exists: scheduler.sms_test_20250711
Aug 07, 2025 3:11:52 AM com.telcobright.db.repository.GenericMultiTableRepository createTableIfNotExists
INFO: Ensured table exists: scheduler.sms_test_20250712
Aug 07, 2025 3:11:52 AM com.telcobright.db.repository.GenericMultiTableRepository createTableIfNotExists
INFO: Ensured table exists: scheduler.sms_test_20250713
Aug 07, 2025 3:11:52 AM com.telcobright.db.repository.GenericMultiTableRepository createTableIfNotExists
INFO: Ensured table exists: scheduler.sms_test_20250714
Aug 07, 2025 3:11:52 AM com.telcobright.db.repository.GenericMultiTableRepository createTableIfNotExists
INFO: Ensured table exists: scheduler.sms_test_20250715
Aug 07, 2025 3:11:52 AM com.telcobright.db.repository.GenericMultiTableRepository createTableIfNotExists
INFO: Ensured table exists: scheduler.sms_test_20250716
Aug 07, 2025 3:11:52 AM com.telcobright.db.repository.GenericMultiTableRepository createTableIfNotExists
INFO: Ensured table exists: scheduler.sms_test_20250717
Aug 07, 2025 3:11:52 AM com.telcobright.db.repository.GenericMultiTableRepository createTableIfNotExists
INFO: Ensured table exists: scheduler.sms_test_20250718
Aug 07, 2025 3:11:52 AM com.telcobright.db.repository.GenericMultiTableRepository createTableIfNotExists
INFO: Ensured table exists: scheduler.sms_test_20250719
Aug 07, 2025 3:11:52 AM com.telcobright.db.repository.GenericMultiTableRepository createTableIfNotExists
INFO: Ensured table exists: scheduler.sms_test_20250720
Aug 07, 2025 3:11:52 AM com.telcobright.db.repository.GenericMultiTableRepository createTableIfNotExists
INFO: Ensured table exists: scheduler.sms_test_20250721
Aug 07, 2025 3:11:52 AM com.telcobright.db.repository.GenericMultiTableRepository createTableIfNotExists
INFO: Ensured table exists: scheduler.sms_test_20250722
Aug 07, 2025 3:11:53 AM com.telcobright.db.repository.GenericMultiTableRepository createTableIfNotExists
INFO: Ensured table exists: scheduler.sms_test_20250723
Aug 07, 2025 3:11:53 AM com.telcobright.db.repository.GenericMultiTableRepository createTableIfNotExists
INFO: Ensured table exists: scheduler.sms_test_20250724
Aug 07, 2025 3:11:53 AM com.telcobright.db.repository.GenericMultiTableRepository createTableIfNotExists
INFO: Ensured table exists: scheduler.sms_test_20250725
Aug 07, 2025 3:11:53 AM com.telcobright.db.repository.GenericMultiTableRepository createTableIfNotExists
INFO: Ensured table exists: scheduler.sms_test_20250726
Aug 07, 2025 3:11:53 AM com.telcobright.db.repository.GenericMultiTableRepository createTableIfNotExists
INFO: Ensured table exists: scheduler.sms_test_20250727
Aug 07, 2025 3:11:53 AM com.telcobright.db.repository.GenericMultiTableRepository createTableIfNotExists
INFO: Ensured table exists: scheduler.sms_test_20250728
Aug 07, 2025 3:11:53 AM com.telcobright.db.repository.GenericMultiTableRepository createTableIfNotExists
INFO: Ensured table exists: scheduler.sms_test_20250729
Aug 07, 2025 3:11:53 AM com.telcobright.db.repository.GenericMultiTableRepository createTableIfNotExists
INFO: Ensured table exists: scheduler.sms_test_20250730
Aug 07, 2025 3:11:53 AM com.telcobright.db.repository.GenericMultiTableRepository createTableIfNotExists
INFO: Ensured table exists: scheduler.sms_test_20250731
Aug 07, 2025 3:11:53 AM com.telcobright.db.repository.GenericMultiTableRepository createTableIfNotExists
INFO: Ensured table exists: scheduler.sms_test_20250801
Aug 07, 2025 3:11:53 AM com.telcobright.db.repository.GenericMultiTableRepository createTableIfNotExists
INFO: Ensured table exists: scheduler.sms_test_20250802
Aug 07, 2025 3:11:53 AM com.telcobright.db.repository.GenericMultiTableRepository createTableIfNotExists
INFO: Ensured table exists: scheduler.sms_test_20250803
Aug 07, 2025 3:11:53 AM com.telcobright.db.repository.GenericMultiTableRepository createTableIfNotExists
INFO: Ensured table exists: scheduler.sms_test_20250804
Aug 07, 2025 3:11:53 AM com.telcobright.db.repository.GenericMultiTableRepository createTableIfNotExists
INFO: Ensured table exists: scheduler.sms_test_20250805
Aug 07, 2025 3:11:53 AM com.telcobright.db.repository.GenericMultiTableRepository createTableIfNotExists
INFO: Ensured table exists: scheduler.sms_test_20250806
Aug 07, 2025 3:11:53 AM com.telcobright.db.repository.GenericMultiTableRepository createTableIfNotExists
INFO: Ensured table exists: scheduler.sms_test_20250807
Aug 07, 2025 3:11:53 AM com.telcobright.db.repository.GenericMultiTableRepository createTableIfNotExists
INFO: Ensured table exists: scheduler.sms_test_20250808
Aug 07, 2025 3:11:53 AM com.telcobright.db.repository.GenericMultiTableRepository createTableIfNotExists
INFO: Ensured table exists: scheduler.sms_test_20250809
Aug 07, 2025 3:11:53 AM com.telcobright.db.repository.GenericMultiTableRepository createTableIfNotExists
INFO: Ensured table exists: scheduler.sms_test_20250810
Aug 07, 2025 3:11:53 AM com.telcobright.db.repository.GenericMultiTableRepository createTableIfNotExists
INFO: Ensured table exists: scheduler.sms_test_20250811
Aug 07, 2025 3:11:53 AM com.telcobright.db.repository.GenericMultiTableRepository createTableIfNotExists
INFO: Ensured table exists: scheduler.sms_test_20250812
Aug 07, 2025 3:11:53 AM com.telcobright.db.repository.GenericMultiTableRepository createTableIfNotExists
INFO: Ensured table exists: scheduler.sms_test_20250813
Aug 07, 2025 3:11:53 AM com.telcobright.db.repository.GenericMultiTableRepository createTableIfNotExists
INFO: Ensured table exists: scheduler.sms_test_20250814
Aug 07, 2025 3:11:53 AM com.telcobright.db.repository.GenericMultiTableRepository createTableIfNotExists
INFO: Ensured table exists: scheduler.sms_test_20250815
Aug 07, 2025 3:11:53 AM com.telcobright.db.repository.GenericMultiTableRepository createTableIfNotExists
INFO: Ensured table exists: scheduler.sms_test_20250816
Aug 07, 2025 3:11:53 AM com.telcobright.db.repository.GenericMultiTableRepository createTableIfNotExists
INFO: Ensured table exists: scheduler.sms_test_20250817
Aug 07, 2025 3:11:53 AM com.telcobright.db.repository.GenericMultiTableRepository createTableIfNotExists
INFO: Ensured table exists: scheduler.sms_test_20250818
Aug 07, 2025 3:11:53 AM com.telcobright.db.repository.GenericMultiTableRepository createTableIfNotExists
INFO: Ensured table exists: scheduler.sms_test_20250819
Aug 07, 2025 3:11:53 AM com.telcobright.db.repository.GenericMultiTableRepository createTableIfNotExists
INFO: Ensured table exists: scheduler.sms_test_20250820
Aug 07, 2025 3:11:54 AM com.telcobright.db.repository.GenericMultiTableRepository createTableIfNotExists
INFO: Ensured table exists: scheduler.sms_test_20250821
Aug 07, 2025 3:11:54 AM com.telcobright.db.repository.GenericMultiTableRepository createTableIfNotExists
INFO: Ensured table exists: scheduler.sms_test_20250822
Aug 07, 2025 3:11:54 AM com.telcobright.db.repository.GenericMultiTableRepository createTableIfNotExists
INFO: Ensured table exists: scheduler.sms_test_20250823
Aug 07, 2025 3:11:54 AM com.telcobright.db.repository.GenericMultiTableRepository createTableIfNotExists
INFO: Ensured table exists: scheduler.sms_test_20250824
Aug 07, 2025 3:11:54 AM com.telcobright.db.repository.GenericMultiTableRepository createTableIfNotExists
INFO: Ensured table exists: scheduler.sms_test_20250825
Aug 07, 2025 3:11:54 AM com.telcobright.db.repository.GenericMultiTableRepository createTableIfNotExists
INFO: Ensured table exists: scheduler.sms_test_20250826
Aug 07, 2025 3:11:54 AM com.telcobright.db.repository.GenericMultiTableRepository createTableIfNotExists
INFO: Ensured table exists: scheduler.sms_test_20250827
Aug 07, 2025 3:11:54 AM com.telcobright.db.repository.GenericMultiTableRepository createTableIfNotExists
INFO: Ensured table exists: scheduler.sms_test_20250828
Aug 07, 2025 3:11:54 AM com.telcobright.db.repository.GenericMultiTableRepository createTableIfNotExists
INFO: Ensured table exists: scheduler.sms_test_20250829
Aug 07, 2025 3:11:54 AM com.telcobright.db.repository.GenericMultiTableRepository createTableIfNotExists
INFO: Ensured table exists: scheduler.sms_test_20250830
Aug 07, 2025 3:11:54 AM com.telcobright.db.repository.GenericMultiTableRepository createTableIfNotExists
INFO: Ensured table exists: scheduler.sms_test_20250831
Aug 07, 2025 3:11:54 AM com.telcobright.db.repository.GenericMultiTableRepository createTableIfNotExists
INFO: Ensured table exists: scheduler.sms_test_20250901
Aug 07, 2025 3:11:54 AM com.telcobright.db.repository.GenericMultiTableRepository createTableIfNotExists
INFO: Ensured table exists: scheduler.sms_test_20250902
Aug 07, 2025 3:11:54 AM com.telcobright.db.repository.GenericMultiTableRepository createTableIfNotExists
INFO: Ensured table exists: scheduler.sms_test_20250903
Aug 07, 2025 3:11:54 AM com.telcobright.db.repository.GenericMultiTableRepository createTableIfNotExists
INFO: Ensured table exists: scheduler.sms_test_20250904
Aug 07, 2025 3:11:54 AM com.telcobright.db.repository.GenericMultiTableRepository createTableIfNotExists
INFO: Ensured table exists: scheduler.sms_test_20250905
Aug 07, 2025 3:11:54 AM com.telcobright.db.repository.GenericMultiTableRepository createTableIfNotExists
INFO: Ensured table exists: scheduler.sms_test_20250906
Aug 07, 2025 3:11:54 AM com.telcobright.db.repository.GenericMultiTableRepository createTableIfNotExists
INFO: Ensured table exists: scheduler.sms_test_20250807
Aug 07, 2025 3:11:54 AM com.telcobright.db.repository.GenericMultiTableRepository createTableIfNotExists
INFO: Ensured table exists: scheduler.sms_test_20250708
Aug 07, 2025 3:11:54 AM com.telcobright.db.repository.GenericMultiTableRepository createTableIfNotExists
INFO: Ensured table exists: scheduler.sms_test_20250709
Aug 07, 2025 3:11:54 AM com.telcobright.db.repository.GenericMultiTableRepository createTableIfNotExists
INFO: Ensured table exists: scheduler.sms_test_20250710
Aug 07, 2025 3:11:54 AM com.telcobright.db.repository.GenericMultiTableRepository createTableIfNotExists
INFO: Ensured table exists: scheduler.sms_test_20250711
Aug 07, 2025 3:11:54 AM com.telcobright.db.repository.GenericMultiTableRepository createTableIfNotExists
INFO: Ensured table exists: scheduler.sms_test_20250712
Aug 07, 2025 3:11:54 AM com.telcobright.db.repository.GenericMultiTableRepository createTableIfNotExists
INFO: Ensured table exists: scheduler.sms_test_20250713
Aug 07, 2025 3:11:54 AM com.telcobright.db.repository.GenericMultiTableRepository createTableIfNotExists
INFO: Ensured table exists: scheduler.sms_test_20250714
Aug 07, 2025 3:11:54 AM com.telcobright.db.repository.GenericMultiTableRepository createTableIfNotExists
INFO: Ensured table exists: scheduler.sms_test_20250715
Aug 07, 2025 3:11:54 AM com.telcobright.db.repository.GenericMultiTableRepository createTableIfNotExists
INFO: Ensured table exists: scheduler.sms_test_20250716
Aug 07, 2025 3:11:54 AM com.telcobright.db.repository.GenericMultiTableRepository createTableIfNotExists
INFO: Ensured table exists: scheduler.sms_test_20250717
Aug 07, 2025 3:11:54 AM com.telcobright.db.repository.GenericMultiTableRepository createTableIfNotExists
INFO: Ensured table exists: scheduler.sms_test_20250718
Aug 07, 2025 3:11:54 AM com.telcobright.db.repository.GenericMultiTableRepository createTableIfNotExists
INFO: Ensured table exists: scheduler.sms_test_20250719
Aug 07, 2025 3:11:54 AM com.telcobright.db.repository.GenericMultiTableRepository createTableIfNotExists
INFO: Ensured table exists: scheduler.sms_test_20250720
Aug 07, 2025 3:11:54 AM com.telcobright.db.repository.GenericMultiTableRepository createTableIfNotExists
INFO: Ensured table exists: scheduler.sms_test_20250721
Aug 07, 2025 3:11:54 AM com.telcobright.db.repository.GenericMultiTableRepository createTableIfNotExists
INFO: Ensured table exists: scheduler.sms_test_20250722
Aug 07, 2025 3:11:54 AM com.telcobright.db.repository.GenericMultiTableRepository createTableIfNotExists
INFO: Ensured table exists: scheduler.sms_test_20250723
Aug 07, 2025 3:11:54 AM com.telcobright.db.repository.GenericMultiTableRepository createTableIfNotExists
INFO: Ensured table exists: scheduler.sms_test_20250724
Aug 07, 2025 3:11:54 AM com.telcobright.db.repository.GenericMultiTableRepository createTableIfNotExists
INFO: Ensured table exists: scheduler.sms_test_20250725
Aug 07, 2025 3:11:54 AM com.telcobright.db.repository.GenericMultiTableRepository createTableIfNotExists
INFO: Ensured table exists: scheduler.sms_test_20250726
Aug 07, 2025 3:11:54 AM com.telcobright.db.repository.GenericMultiTableRepository createTableIfNotExists
INFO: Ensured table exists: scheduler.sms_test_20250727
Aug 07, 2025 3:11:54 AM com.telcobright.db.repository.GenericMultiTableRepository createTableIfNotExists
INFO: Ensured table exists: scheduler.sms_test_20250728
Aug 07, 2025 3:11:54 AM com.telcobright.db.repository.GenericMultiTableRepository createTableIfNotExists
INFO: Ensured table exists: scheduler.sms_test_20250729
Aug 07, 2025 3:11:54 AM com.telcobright.db.repository.GenericMultiTableRepository createTableIfNotExists
INFO: Ensured table exists: scheduler.sms_test_20250730
Aug 07, 2025 3:11:54 AM com.telcobright.db.repository.GenericMultiTableRepository createTableIfNotExists
INFO: Ensured table exists: scheduler.sms_test_20250731
Aug 07, 2025 3:11:54 AM com.telcobright.db.repository.GenericMultiTableRepository createTableIfNotExists
INFO: Ensured table exists: scheduler.sms_test_20250801
Aug 07, 2025 3:11:54 AM com.telcobright.db.repository.GenericMultiTableRepository createTableIfNotExists
INFO: Ensured table exists: scheduler.sms_test_20250802
Aug 07, 2025 3:11:54 AM com.telcobright.db.repository.GenericMultiTableRepository createTableIfNotExists
INFO: Ensured table exists: scheduler.sms_test_20250803
Aug 07, 2025 3:11:54 AM com.telcobright.db.repository.GenericMultiTableRepository createTableIfNotExists
INFO: Ensured table exists: scheduler.sms_test_20250804
Aug 07, 2025 3:11:54 AM com.telcobright.db.repository.GenericMultiTableRepository createTableIfNotExists
INFO: Ensured table exists: scheduler.sms_test_20250805
Aug 07, 2025 3:11:54 AM com.telcobright.db.repository.GenericMultiTableRepository createTableIfNotExists
INFO: Ensured table exists: scheduler.sms_test_20250806
Aug 07, 2025 3:11:54 AM com.telcobright.db.repository.GenericMultiTableRepository createTableIfNotExists
INFO: Ensured table exists: scheduler.sms_test_20250807
Aug 07, 2025 3:11:54 AM com.telcobright.db.repository.GenericMultiTableRepository createTableIfNotExists
INFO: Ensured table exists: scheduler.sms_test_20250808
Aug 07, 2025 3:11:54 AM com.telcobright.db.repository.GenericMultiTableRepository createTableIfNotExists
INFO: Ensured table exists: scheduler.sms_test_20250809
Aug 07, 2025 3:11:54 AM com.telcobright.db.repository.GenericMultiTableRepository createTableIfNotExists
INFO: Ensured table exists: scheduler.sms_test_20250810
Aug 07, 2025 3:11:54 AM com.telcobright.db.repository.GenericMultiTableRepository createTableIfNotExists
INFO: Ensured table exists: scheduler.sms_test_20250811
Aug 07, 2025 3:11:54 AM com.telcobright.db.repository.GenericMultiTableRepository createTableIfNotExists
INFO: Ensured table exists: scheduler.sms_test_20250812
Aug 07, 2025 3:11:54 AM com.telcobright.db.repository.GenericMultiTableRepository createTableIfNotExists
INFO: Ensured table exists: scheduler.sms_test_20250813
Aug 07, 2025 3:11:54 AM com.telcobright.db.repository.GenericMultiTableRepository createTableIfNotExists
INFO: Ensured table exists: scheduler.sms_test_20250814
Aug 07, 2025 3:11:54 AM com.telcobright.db.repository.GenericMultiTableRepository createTableIfNotExists
INFO: Ensured table exists: scheduler.sms_test_20250815
Aug 07, 2025 3:11:54 AM com.telcobright.db.repository.GenericMultiTableRepository createTableIfNotExists
INFO: Ensured table exists: scheduler.sms_test_20250816
Aug 07, 2025 3:11:54 AM com.telcobright.db.repository.GenericMultiTableRepository createTableIfNotExists
INFO: Ensured table exists: scheduler.sms_test_20250817
Aug 07, 2025 3:11:54 AM com.telcobright.db.repository.GenericMultiTableRepository createTableIfNotExists
INFO: Ensured table exists: scheduler.sms_test_20250818
Aug 07, 2025 3:11:54 AM com.telcobright.db.repository.GenericMultiTableRepository createTableIfNotExists
INFO: Ensured table exists: scheduler.sms_test_20250819
Aug 07, 2025 3:11:54 AM com.telcobright.db.repository.GenericMultiTableRepository createTableIfNotExists
INFO: Ensured table exists: scheduler.sms_test_20250820
Aug 07, 2025 3:11:54 AM com.telcobright.db.repository.GenericMultiTableRepository createTableIfNotExists
INFO: Ensured table exists: scheduler.sms_test_20250821
Aug 07, 2025 3:11:54 AM com.telcobright.db.repository.GenericMultiTableRepository createTableIfNotExists
INFO: Ensured table exists: scheduler.sms_test_20250822
Aug 07, 2025 3:11:54 AM com.telcobright.db.repository.GenericMultiTableRepository createTableIfNotExists
INFO: Ensured table exists: scheduler.sms_test_20250823
Aug 07, 2025 3:11:54 AM com.telcobright.db.repository.GenericMultiTableRepository createTableIfNotExists
INFO: Ensured table exists: scheduler.sms_test_20250824
Aug 07, 2025 3:11:54 AM com.telcobright.db.repository.GenericMultiTableRepository createTableIfNotExists
INFO: Ensured table exists: scheduler.sms_test_20250825
Aug 07, 2025 3:11:54 AM com.telcobright.db.repository.GenericMultiTableRepository createTableIfNotExists
INFO: Ensured table exists: scheduler.sms_test_20250826
Aug 07, 2025 3:11:54 AM com.telcobright.db.repository.GenericMultiTableRepository createTableIfNotExists
INFO: Ensured table exists: scheduler.sms_test_20250827
Aug 07, 2025 3:11:54 AM com.telcobright.db.repository.GenericMultiTableRepository createTableIfNotExists
INFO: Ensured table exists: scheduler.sms_test_20250828
Aug 07, 2025 3:11:54 AM com.telcobright.db.repository.GenericMultiTableRepository createTableIfNotExists
INFO: Ensured table exists: scheduler.sms_test_20250829
Aug 07, 2025 3:11:54 AM com.telcobright.db.repository.GenericMultiTableRepository createTableIfNotExists
INFO: Ensured table exists: scheduler.sms_test_20250830
Aug 07, 2025 3:11:54 AM com.telcobright.db.repository.GenericMultiTableRepository createTableIfNotExists
INFO: Ensured table exists: scheduler.sms_test_20250831
Aug 07, 2025 3:11:54 AM com.telcobright.db.repository.GenericMultiTableRepository createTableIfNotExists
INFO: Ensured table exists: scheduler.sms_test_20250901
Aug 07, 2025 3:11:54 AM com.telcobright.db.repository.GenericMultiTableRepository createTableIfNotExists
INFO: Ensured table exists: scheduler.sms_test_20250902
Aug 07, 2025 3:11:54 AM com.telcobright.db.repository.GenericMultiTableRepository createTableIfNotExists
INFO: Ensured table exists: scheduler.sms_test_20250903
Aug 07, 2025 3:11:54 AM com.telcobright.db.repository.GenericMultiTableRepository createTableIfNotExists
INFO: Ensured table exists: scheduler.sms_test_20250904
Aug 07, 2025 3:11:54 AM com.telcobright.db.repository.GenericMultiTableRepository createTableIfNotExists
INFO: Ensured table exists: scheduler.sms_test_20250905
Aug 07, 2025 3:11:54 AM com.telcobright.db.repository.GenericMultiTableRepository createTableIfNotExists
INFO: Ensured table exists: scheduler.sms_test_20250906
TABLE CREATION TEST FAILED: Table 'scheduler.sms_test' doesn't exist
java.sql.SQLSyntaxErrorException: Table 'scheduler.sms_test' doesn't exist
	at com.mysql.cj.jdbc.exceptions.SQLError.createSQLException(SQLError.java:121)
	at com.mysql.cj.jdbc.exceptions.SQLExceptionsMapping.translateException(SQLExceptionsMapping.java:122)
	at com.mysql.cj.jdbc.ClientPreparedStatement.executeInternal(ClientPreparedStatement.java:916)
	at com.mysql.cj.jdbc.ClientPreparedStatement.executeQuery(ClientPreparedStatement.java:972)
	at com.zaxxer.hikari.pool.ProxyPreparedStatement.executeQuery(ProxyPreparedStatement.java:52)
	at com.zaxxer.hikari.pool.HikariProxyPreparedStatement.executeQuery(HikariProxyPreparedStatement.java)
	at com.telcobright.db.repository.GenericMultiTableRepository.executeQuery(GenericMultiTableRepository.java:463)
	at com.telcobright.db.repository.GenericMultiTableRepository.findAllByDateRange(GenericMultiTableRepository.java:195)
	at com.telcobright.scheduler.TableCreationTest.testTableCreationWithScheduledTimePartitioning(TableCreationTest.java:54)
	at java.base/jdk.internal.reflect.DirectMethodHandleAccessor.invoke(DirectMethodHandleAccessor.java:103)
	at java.base/java.lang.reflect.Method.invoke(Method.java:580)
	at org.junit.platform.commons.util.ReflectionUtils.invokeMethod(ReflectionUtils.java:728)
	at org.junit.jupiter.engine.execution.MethodInvocation.proceed(MethodInvocation.java:60)
	at org.junit.jupiter.engine.execution.InvocationInterceptorChain$ValidatingInvocation.proceed(InvocationInterceptorChain.java:131)
	at org.junit.jupiter.engine.extension.TimeoutExtension.intercept(TimeoutExtension.java:156)
	at org.junit.jupiter.engine.extension.TimeoutExtension.interceptTestableMethod(TimeoutExtension.java:147)
	at org.junit.jupiter.engine.extension.TimeoutExtension.interceptTestMethod(TimeoutExtension.java:86)
	at org.junit.jupiter.engine.execution.InterceptingExecutableInvoker$ReflectiveInterceptorCall.lambda$ofVoidMethod$0(InterceptingExecutableInvoker.java:103)
	at org.junit.jupiter.engine.execution.InterceptingExecutableInvoker.lambda$invoke$0(InterceptingExecutableInvoker.java:93)
	at org.junit.jupiter.engine.execution.InvocationInterceptorChain$InterceptedInvocation.proceed(InvocationInterceptorChain.java:106)
	at org.junit.jupiter.engine.execution.InvocationInterceptorChain.proceed(InvocationInterceptorChain.java:64)
	at org.junit.jupiter.engine.execution.InvocationInterceptorChain.chainAndInvoke(InvocationInterceptorChain.java:45)
	at org.junit.jupiter.engine.execution.InvocationInterceptorChain.invoke(InvocationInterceptorChain.java:37)
	at org.junit.jupiter.engine.execution.InterceptingExecutableInvoker.invoke(InterceptingExecutableInvoker.java:92)
	at org.junit.jupiter.engine.execution.InterceptingExecutableInvoker.invoke(InterceptingExecutableInvoker.java:86)
	at org.junit.jupiter.engine.descriptor.TestMethodTestDescriptor.lambda$invokeTestMethod$7(TestMethodTestDescriptor.java:218)
	at org.junit.platform.engine.support.hierarchical.ThrowableCollector.execute(ThrowableCollector.java:73)
	at org.junit.jupiter.engine.descriptor.TestMethodTestDescriptor.invokeTestMethod(TestMethodTestDescriptor.java:214)
	at org.junit.jupiter.engine.descriptor.TestMethodTestDescriptor.execute(TestMethodTestDescriptor.java:139)
	at org.junit.jupiter.engine.descriptor.TestMethodTestDescriptor.execute(TestMethodTestDescriptor.java:69)
	at org.junit.platform.engine.support.hierarchical.NodeTestTask.lambda$executeRecursively$6(NodeTestTask.java:151)
	at org.junit.platform.engine.support.hierarchical.ThrowableCollector.execute(ThrowableCollector.java:73)
	at org.junit.platform.engine.support.hierarchical.NodeTestTask.lambda$executeRecursively$8(NodeTestTask.java:141)
	at org.junit.platform.engine.support.hierarchical.Node.around(Node.java:137)
	at org.junit.platform.engine.support.hierarchical.NodeTestTask.lambda$executeRecursively$9(NodeTestTask.java:139)
	at org.junit.platform.engine.support.hierarchical.ThrowableCollector.execute(ThrowableCollector.java:73)
	at org.junit.platform.engine.support.hierarchical.NodeTestTask.executeRecursively(NodeTestTask.java:138)
	at org.junit.platform.engine.support.hierarchical.NodeTestTask.execute(NodeTestTask.java:95)
	at java.base/java.util.ArrayList.forEach(ArrayList.java:1596)
	at org.junit.platform.engine.support.hierarchical.SameThreadHierarchicalTestExecutorService.invokeAll(SameThreadHierarchicalTestExecutorService.java:41)
	at org.junit.platform.engine.support.hierarchical.NodeTestTask.lambda$executeRecursively$6(NodeTestTask.java:155)
	at org.junit.platform.engine.support.hierarchical.ThrowableCollector.execute(ThrowableCollector.java:73)
	at org.junit.platform.engine.support.hierarchical.NodeTestTask.lambda$executeRecursively$8(NodeTestTask.java:141)
	at org.junit.platform.engine.support.hierarchical.Node.around(Node.java:137)
	at org.junit.platform.engine.support.hierarchical.NodeTestTask.lambda$executeRecursively$9(NodeTestTask.java:139)
	at org.junit.platform.engine.support.hierarchical.ThrowableCollector.execute(ThrowableCollector.java:73)
	at org.junit.platform.engine.support.hierarchical.NodeTestTask.executeRecursively(NodeTestTask.java:138)
	at org.junit.platform.engine.support.hierarchical.NodeTestTask.execute(NodeTestTask.java:95)
	at java.base/java.util.ArrayList.forEach(ArrayList.java:1596)
	at org.junit.platform.engine.support.hierarchical.SameThreadHierarchicalTestExecutorService.invokeAll(SameThreadHierarchicalTestExecutorService.java:41)
	at org.junit.platform.engine.support.hierarchical.NodeTestTask.lambda$executeRecursively$6(NodeTestTask.java:155)
	at org.junit.platform.engine.support.hierarchical.ThrowableCollector.execute(ThrowableCollector.java:73)
	at org.junit.platform.engine.support.hierarchical.NodeTestTask.lambda$executeRecursively$8(NodeTestTask.java:141)
	at org.junit.platform.engine.support.hierarchical.Node.around(Node.java:137)
	at org.junit.platform.engine.support.hierarchical.NodeTestTask.lambda$executeRecursively$9(NodeTestTask.java:139)
	at org.junit.platform.engine.support.hierarchical.ThrowableCollector.execute(ThrowableCollector.java:73)
	at org.junit.platform.engine.support.hierarchical.NodeTestTask.executeRecursively(NodeTestTask.java:138)
	at org.junit.platform.engine.support.hierarchical.NodeTestTask.execute(NodeTestTask.java:95)
	at org.junit.platform.engine.support.hierarchical.SameThreadHierarchicalTestExecutorService.submit(SameThreadHierarchicalTestExecutorService.java:35)
	at org.junit.platform.engine.support.hierarchical.HierarchicalTestExecutor.execute(HierarchicalTestExecutor.java:57)
	at org.junit.platform.engine.support.hierarchical.HierarchicalTestEngine.execute(HierarchicalTestEngine.java:54)
	at org.junit.platform.launcher.core.EngineExecutionOrchestrator.execute(EngineExecutionOrchestrator.java:198)
	at org.junit.platform.launcher.core.EngineExecutionOrchestrator.execute(EngineExecutionOrchestrator.java:169)
	at org.junit.platform.launcher.core.EngineExecutionOrchestrator.execute(EngineExecutionOrchestrator.java:93)
	at org.junit.platform.launcher.core.EngineExecutionOrchestrator.lambda$execute$0(EngineExecutionOrchestrator.java:58)
	at org.junit.platform.launcher.core.EngineExecutionOrchestrator.withInterceptedStreams(EngineExecutionOrchestrator.java:141)
	at org.junit.platform.launcher.core.EngineExecutionOrchestrator.execute(EngineExecutionOrchestrator.java:57)
	at org.junit.platform.launcher.core.DefaultLauncher.execute(DefaultLauncher.java:103)
	at org.junit.platform.launcher.core.DefaultLauncher.execute(DefaultLauncher.java:85)
	at org.junit.platform.launcher.core.DelegatingLauncher.execute(DelegatingLauncher.java:47)
	at org.apache.maven.surefire.junitplatform.LazyLauncher.execute(LazyLauncher.java:56)
	at org.apache.maven.surefire.junitplatform.JUnitPlatformProvider.execute(JUnitPlatformProvider.java:184)
	at org.apache.maven.surefire.junitplatform.JUnitPlatformProvider.invokeAllTests(JUnitPlatformProvider.java:148)
	at org.apache.maven.surefire.junitplatform.JUnitPlatformProvider.invoke(JUnitPlatformProvider.java:122)
	at org.apache.maven.surefire.booter.ForkedBooter.runSuitesInProcess(ForkedBooter.java:385)
	at org.apache.maven.surefire.booter.ForkedBooter.execute(ForkedBooter.java:162)
	at org.apache.maven.surefire.booter.ForkedBooter.run(ForkedBooter.java:507)
	at org.apache.maven.surefire.booter.ForkedBooter.main(ForkedBooter.java:495)
]]></system-err>
  </testcase>
</testsuite>